<?xml version="1.0" encoding="UTF-8"?>
<!-- Generated by org.testng.reporters.JUnitReportReporter -->
<testsuite hostname="MS-7B48" failures="0" tests="4" name="ui.BeforeSuiteExampleTest" time="0.005" errors="0" timestamp="2022-08-20T20:18:28 CST" skipped="0">
  <testcase classname="ui.BeforeSuiteExampleTest" name="titleTest" time="0.000"/>
  <system-out/>
  <testcase classname="ui.BeforeSuiteExampleTest" name="groupTestExample" time="0.004"/>
  <system-out/>
  <testcase classname="ui.BeforeSuiteExampleTest" name="groupTestRegressionSmoke" time="0.000"/>
  <system-out/>
  <testcase classname="ui.BeforeSuiteExampleTest" name="textTest" time="0.001"/>
  <system-out/>
</testsuite> <!-- ui.BeforeSuiteExampleTest -->
