<?xml version="1.0" encoding="UTF-8"?>
<!-- Generated by org.testng.reporters.JUnitReportReporter -->
<testsuite hostname="MS-7B48" failures="0" tests="4" name="ui.GroupTestExample" time="0.129" errors="0" timestamp="2022-08-20T15:33:12 CST" skipped="0">
  <testcase classname="ui.GroupTestExample" name="titleTest" time="0.007"/>
  <system-out/>
  <testcase classname="ui.GroupTestExample" name="groupTestExample" time="0.007"/>
  <system-out/>
  <testcase classname="ui.GroupTestExample" name="groupTestRegressionSmoke" time="0.001"/>
  <system-out/>
  <testcase classname="ui.GroupTestExample" name="textTest" time="0.114"/>
  <system-out/>
</testsuite> <!-- ui.GroupTestExample -->
