<?xml version="1.0" encoding="UTF-8"?>
<!-- Generated by org.testng.reporters.JUnitReportReporter -->
<testsuite hostname="MS-7B48" failures="0" tests="4" name="ui.ReportsTest" time="0.008" errors="0" timestamp="2022-08-23T21:17:40 CST" skipped="0">
  <testcase classname="ui.ReportsTest" name="reporterTest1" time="0.005"/>
  <system-out>
    <![CDATA[Method name is - reporterTest1
Status of execution is - 1]]>
  </system-out>
  <testcase classname="ui.ReportsTest" name="reporterTest3" time="0.001"/>
  <system-out>
    <![CDATA[Method name is - reporterTest3
Status of execution is - 1]]>
  </system-out>
  <testcase classname="ui.ReportsTest" name="reporterTest4" time="0.001"/>
  <system-out>
    <![CDATA[Method name is - reporterTest4
Status of execution is - 1]]>
  </system-out>
  <testcase classname="ui.ReportsTest" name="reporterTest2" time="0.001"/>
  <system-out>
    <![CDATA[Method name is - reporterTest2
Status of execution is - 1]]>
  </system-out>
</testsuite> <!-- ui.ReportsTest -->
