<?xml version="1.0" encoding="UTF-8"?>
<!-- Generated by org.testng.reporters.JUnitReportReporter -->
<testsuite hostname="MS-7B48" failures="0" tests="2" name="ui.VerifyTitleTest" time="0.053" errors="0" timestamp="2022-08-19T18:51:49 CST" skipped="0">
  <testcase classname="ui.VerifyTitleTest" name="textTest" time="0.047"/>
  <system-out/>
  <testcase classname="ui.VerifyTitleTest" name="titleTest" time="0.006"/>
  <system-out/>
</testsuite> <!-- ui.VerifyTitleTest -->
