<?xml version="1.0" encoding="UTF-8"?>
<!-- Generated by org.testng.reporters.JUnitReportReporter -->
<testsuite hostname="MS-7B48" failures="0" tests="1" name="ui.VerifyTitleAndTextTestSoftAssert" time="0.057" errors="0" timestamp="2022-08-20T15:31:01 CST" skipped="0">
  <testcase classname="ui.VerifyTitleAndTextTestSoftAssert" name="titleTestAndTextTest" time="0.057"/>
  <system-out/>
</testsuite> <!-- ui.VerifyTitleAndTextTestSoftAssert -->
