<?xml version="1.0" encoding="UTF-8"?>
<!-- Generated by org.testng.reporters.JUnitReportReporter -->
<testsuite hostname="MS-7B48" failures="0" tests="1" name="ui.SauceDemoLogin" time="2.970" errors="0" timestamp="2022-08-22T15:50:49 CST" skipped="0">
  <testcase classname="ui.SauceDemoLogin" name="launchApp" time="2.970"/>
  <system-out/>
</testsuite> <!-- ui.SauceDemoLogin -->
