<?xml version="1.0" encoding="UTF-8"?>
<!-- Generated by org.testng.reporters.JUnitReportReporter -->
<testsuite hostname="MS-7B48" failures="0" tests="4" name="ui.BeforeGroupBeforeClassTest" time="0.052" errors="0" timestamp="2022-08-20T17:30:00 CST" skipped="0">
  <testcase classname="ui.BeforeGroupBeforeClassTest" name="groupTestExample" time="0.009"/>
  <system-out/>
  <testcase classname="ui.BeforeGroupBeforeClassTest" name="titleTest" time="0.006"/>
  <system-out/>
  <testcase classname="ui.BeforeGroupBeforeClassTest" name="groupTestRegressionSmoke" time="0.001"/>
  <system-out/>
  <testcase classname="ui.BeforeGroupBeforeClassTest" name="textTest" time="0.036"/>
  <system-out/>
</testsuite> <!-- ui.BeforeGroupBeforeClassTest -->
