<?xml version="1.0" encoding="UTF-8"?>
<!-- Generated by org.testng.reporters.JUnitReportReporter -->
<testsuite hostname="MS-7B48" failures="0" tests="2" name="ui.VerifyTitleAndTextTest" time="0.051" errors="0" timestamp="2022-08-20T15:32:23 CST" skipped="0">
  <testcase classname="ui.VerifyTitleAndTextTest" name="titleTest" time="0.017"/>
  <system-out/>
  <testcase classname="ui.VerifyTitleAndTextTest" name="textTest" time="0.034"/>
  <system-out/>
</testsuite> <!-- ui.VerifyTitleAndTextTest -->
