<?xml version="1.0" encoding="UTF-8"?>
<!-- Generated by org.testng.reporters.JUnitReportReporter -->
<testsuite hostname="MS-7B48" failures="0" tests="2" name="ui.LoginTest" time="0.005" errors="0" timestamp="2022-08-20T15:27:01 CST" skipped="0">
  <testcase classname="ui.LoginTest" name="loginTest" time="0.005"/>
  <system-out/>
  <testcase classname="ui.LoginTest" name="logoutTest" time="0.000"/>
  <system-out/>
</testsuite> <!-- ui.LoginTest -->
