<?xml version="1.0" encoding="UTF-8"?>
<!-- Generated by org.testng.reporters.JUnitReportReporter -->
<testsuite hostname="MS-7B48" failures="0" tests="4" name="ui.DataProviderSauceDemo" time="10.148" errors="0" timestamp="2022-08-21T10:57:14 CST" skipped="0">
  <testcase classname="ui.DataProviderSauceDemo" name="test2" time="6.092"/>
  <system-out/>
  <testcase classname="ui.DataProviderSauceDemo" name="test2" time="1.138"/>
  <system-out/>
  <testcase classname="ui.DataProviderSauceDemo" name="test2" time="1.201"/>
  <system-out/>
  <testcase classname="ui.DataProviderSauceDemo" name="test2" time="1.717"/>
  <system-out/>
</testsuite> <!-- ui.DataProviderSauceDemo -->
