<?xml version="1.0" encoding="UTF-8"?>
<!-- Generated by org.testng.reporters.JUnitReportReporter -->
<testsuite hostname="MS-7B48" failures="0" tests="8" name="ui.DataProviderDemoTest" time="0.010" errors="0" timestamp="2022-08-20T21:03:35 CST" skipped="0">
  <testcase classname="ui.DataProviderDemoTest" name="test2" time="0.001"/>
  <system-out/>
  <testcase classname="ui.DataProviderDemoTest" name="test2" time="0.001"/>
  <system-out/>
  <testcase classname="ui.DataProviderDemoTest" name="test" time="0.000"/>
  <system-out/>
  <testcase classname="ui.DataProviderDemoTest" name="test" time="0.001"/>
  <system-out/>
  <testcase classname="ui.DataProviderDemoTest" name="test" time="0.001"/>
  <system-out/>
  <testcase classname="ui.DataProviderDemoTest" name="test2" time="0.001"/>
  <system-out/>
  <testcase classname="ui.DataProviderDemoTest" name="test" time="0.004"/>
  <system-out/>
  <testcase classname="ui.DataProviderDemoTest" name="test2" time="0.001"/>
  <system-out/>
</testsuite> <!-- ui.DataProviderDemoTest -->
