<?xml version="1.0" encoding="UTF-8"?>
<!-- Generated by org.testng.reporters.JUnitReportReporter -->
<testsuite hostname="MS-7B48" failures="0" tests="3" name="ui.SkipTestsDemo" time="0.006" errors="0" timestamp="2022-08-20T17:13:04 CST" skipped="3">
  <testcase classname="ui.SkipTestsDemo" name="skipTest2" time="0.005">
    <skipped/>
  </testcase> <!-- skipTest2 -->
  <system-out/>
  <testcase classname="ui.SkipTestsDemo" name="skipTestBasedOnCondition" time="0.001">
    <skipped/>
  </testcase> <!-- skipTestBasedOnCondition -->
  <system-out/>
  <testcase classname="ui.SkipTestsDemo" name="skipTest1">
    <skipped/>
  </testcase> <!-- skipTest1 -->
  <system-out/>
</testsuite> <!-- ui.SkipTestsDemo -->
