<?xml version="1.0" encoding="UTF-8"?>
<!-- Generated by org.testng.reporters.JUnitReportReporter -->
<testsuite hostname="MS-7B48" failures="0" tests="1" name="ui.VerifyTitleTest" time="0.016" errors="0" timestamp="2022-08-20T15:27:33 CST" skipped="0">
  <testcase classname="ui.VerifyTitleTest" name="titleTest" time="0.016"/>
  <system-out/>
</testsuite> <!-- ui.VerifyTitleTest -->
